<?xml version="1.0" encoding="UTF-8"?>
<!-- Generated by org.testng.reporters.JUnitXMLReporter -->
<testsuite ignored="0" hostname="DESKTOP-Q83REVS" failures="0" tests="3" name="Default test" time="4.25" errors="0" timestamp="2022-10-15T14:07:27 EEST">
  <testcase classname="Saucelab2.LoginPage" name="navigate" time="3.623"/>
  <testcase classname="Saucelab2.LoginPage" name="credentials" time="0.385"/>
  <testcase classname="Saucelab2.LoginPage" name="close" time="0.182"/>
</testsuite> <!-- Default test -->
